[INFO  - 2020-11-25T02:35:34.767Z] GhostDriver - Main - running on port 64016
[INFO  - 2020-11-25T02:35:39.118Z] Session [e7ba9860-2ec6-11eb-b535-574f013891c4] - page.settings - {"XSSAuditingEnabled":false,"javascriptCanCloseWindows":true,"javascriptCanOpenWindows":true,"javascriptEnabled":true,"loadImages":true,"localToRemoteUrlAccessEnabled":false,"userAgent":"Mozilla/5.0 (Windows NT 6.2; WOW64) AppleWebKit/538.1 (KHTML, like Gecko) PhantomJS/2.1.1 Safari/538.1","webSecurityEnabled":true}
[INFO  - 2020-11-25T02:35:39.118Z] Session [e7ba9860-2ec6-11eb-b535-574f013891c4] - page.customHeaders:  - {}
[INFO  - 2020-11-25T02:35:39.118Z] Session [e7ba9860-2ec6-11eb-b535-574f013891c4] - Session.negotiatedCapabilities - {"browserName":"phantomjs","version":"2.1.1","driverName":"ghostdriver","driverVersion":"1.2.0","platform":"windows-10-32bit","javascriptEnabled":true,"takesScreenshot":true,"handlesAlerts":false,"databaseEnabled":false,"locationContextEnabled":false,"applicationCacheEnabled":false,"browserConnectionEnabled":false,"cssSelectorsEnabled":true,"webStorageEnabled":false,"rotatable":false,"acceptSslCerts":false,"nativeEvents":true,"proxy":{"proxyType":"direct"}}
[INFO  - 2020-11-25T02:35:39.118Z] SessionManagerReqHand - _postNewSessionCommand - New Session Created: e7ba9860-2ec6-11eb-b535-574f013891c4
[ERROR - 2020-11-25T02:35:41.097Z] Session [e7ba9860-2ec6-11eb-b535-574f013891c4] - page.onError - msg: ReferenceError: Can't find variable: WeakMap

  phantomjs://platform/console++.js:263 in error
[ERROR - 2020-11-25T02:35:41.097Z] Session [e7ba9860-2ec6-11eb-b535-574f013891c4] - page.onError - stack:
  (anonymous function) (https://s.nitropay.com/ads-235.js:1)
  i (https://s.nitropay.com/ads-235.js:1)
  (anonymous function) (https://s.nitropay.com/ads-235.js:1)
  i (https://s.nitropay.com/ads-235.js:1)
  (anonymous function) (https://s.nitropay.com/ads-235.js:1)
  i (https://s.nitropay.com/ads-235.js:1)
  (anonymous function) (https://s.nitropay.com/ads-235.js:1)
  i (https://s.nitropay.com/ads-235.js:1)
  (anonymous function) (https://s.nitropay.com/ads-235.js:1)
  i (https://s.nitropay.com/ads-235.js:1)
  (anonymous function) (https://s.nitropay.com/ads-235.js:1)
  i (https://s.nitropay.com/ads-235.js:1)
  (anonymous function) (https://s.nitropay.com/ads-235.js:1)
  i (https://s.nitropay.com/ads-235.js:1)
  (anonymous function) (https://s.nitropay.com/ads-235.js:1)
  i (https://s.nitropay.com/ads-235.js:1)
  (anonymous function) (https://s.nitropay.com/ads-235.js:1)
  i (https://s.nitropay.com/ads-235.js:1)
  (anonymous function) (https://s.nitropay.com/ads-235.js:1)
  (anonymous function) (https://s.nitropay.com/ads-235.js:1)
  n (https://s.nitropay.com/ads-235.js:1)
  (anonymous function) (https://s.nitropay.com/ads-235.js:1)
  n (https://s.nitropay.com/ads-235.js:1)
  (anonymous function) (https://s.nitropay.com/ads-235.js:1)

  phantomjs://platform/console++.js:263 in error
[ERROR - 2020-11-25T02:35:41.104Z] Session [e7ba9860-2ec6-11eb-b535-574f013891c4] - page.onError - msg: ReferenceError: Can't find variable: IntersectionObserver

  phantomjs://platform/console++.js:263 in error
[ERROR - 2020-11-25T02:35:41.104Z] Session [e7ba9860-2ec6-11eb-b535-574f013891c4] - page.onError - stack:
  (anonymous function) (https://s.nitropay.com/aan-235.js:1)
  n (https://s.nitropay.com/aan-235.js:1)
  (anonymous function) (https://s.nitropay.com/aan-235.js:1)
  n (https://s.nitropay.com/aan-235.js:1)
  (anonymous function) (https://s.nitropay.com/aan-235.js:1)
  n (https://s.nitropay.com/aan-235.js:1)
  (anonymous function) (https://s.nitropay.com/aan-235.js:1)
  n (https://s.nitropay.com/aan-235.js:1)
  (anonymous function) (https://s.nitropay.com/aan-235.js:1)

  phantomjs://platform/console++.js:263 in error
[ERROR - 2020-11-25T02:35:41.422Z] Session [e7ba9860-2ec6-11eb-b535-574f013891c4] - page.onError - msg: ReferenceError: Can't find variable: Infobanner

  phantomjs://platform/console++.js:263 in error
[ERROR - 2020-11-25T02:35:41.422Z] Session [e7ba9860-2ec6-11eb-b535-574f013891c4] - page.onError - stack:
  (anonymous function) (https://www.leagueofgraphs.com/champions/stats/soraka/kr:2820)
  i (https://lolg-cdn.porofessor.gg/jquery.js?v=3:2)
  fireWith (https://lolg-cdn.porofessor.gg/jquery.js?v=3:2)
  ready (https://lolg-cdn.porofessor.gg/jquery.js?v=3:2)
  J (https://lolg-cdn.porofessor.gg/jquery.js?v=3:2)

  phantomjs://platform/console++.js:263 in error
[ERROR - 2020-11-25T02:35:52.005Z] WebElementLocator - _handleLocateCommand - Element(s) NOT Found: GAVE UP. Search Stop Time: 1606271752003

  phantomjs://platform/console++.js:263 in error
[ERROR - 2020-11-25T02:35:53.218Z] WebElementLocator - _handleLocateCommand - Element(s) NOT Found: GAVE UP. Search Stop Time: 1606271753159

  phantomjs://platform/console++.js:263 in error
[ERROR - 2020-11-25T02:35:54.372Z] WebElementLocator - _handleLocateCommand - Element(s) NOT Found: GAVE UP. Search Stop Time: 1606271754325

  phantomjs://platform/console++.js:263 in error
[ERROR - 2020-11-25T02:35:55.471Z] WebElementLocator - _handleLocateCommand - Element(s) NOT Found: GAVE UP. Search Stop Time: 1606271755419

  phantomjs://platform/console++.js:263 in error
[ERROR - 2020-11-25T02:35:56.595Z] WebElementLocator - _handleLocateCommand - Element(s) NOT Found: GAVE UP. Search Stop Time: 1606271756546

  phantomjs://platform/console++.js:263 in error
